<?xml version="1.0" encoding="UTF-8"?>
<!-- Generated by org.testng.reporters.JUnitXMLReporter -->
<testsuite hostname="rdonthamsetti" name="exampletest1" tests="2" failures="0" timestamp="11 Jan 2016 22:28:26 GMT" time="32.487" errors="0">
  <testcase name="webDriver" time="21.509" classname="com.prokarma.cicd.automation.SampleSauceIntegrationTest"/>
  <testcase name="webDriver" time="31.112" classname="com.prokarma.cicd.automation.SampleSauceIntegrationTest"/>
</testsuite> <!-- exampletest1 -->
